<?xml version="1.0" encoding="UTF-8"?>
<!-- Generated by org.testng.reporters.JUnitReportReporter -->
<testsuite skipped="0" hostname="DESKTOP-M3J39LL" name="tests.aff_login" tests="1" failures="0" timestamp="26 Nov 2018 11:49:45 GMT" time="5.319" errors="0">
  <testcase name="testaff_login" time="5.319" classname="tests.aff_login"/>
</testsuite> <!-- tests.aff_login -->
