<?xml version="1.0" encoding="UTF-8"?>
<!-- Generated by org.testng.reporters.JUnitReportReporter -->
<testsuite hostname="DESKTOP-M3J39LL" name="tests.aff_forgot_password" tests="1" failures="0" timestamp="24 Nov 2018 09:39:18 GMT" time="10.736" errors="0">
  <testcase name="testaff_forgot_password" time="10.736" classname="tests.aff_forgot_password"/>
</testsuite> <!-- tests.aff_forgot_password -->
