<?xml version="1.0" encoding="UTF-8"?>
<!-- Generated by org.testng.reporters.JUnitReportReporter -->
<testsuite hostname="DESKTOP-M3J39LL" name="tests.aff_register" tests="1" failures="0" timestamp="24 Nov 2018 09:39:18 GMT" time="10.313" errors="0">
  <testcase name="testaff_register" time="10.313" classname="tests.aff_register"/>
</testsuite> <!-- tests.aff_register -->
