<?xml version="1.0" encoding="UTF-8"?>
<!-- Generated by org.testng.reporters.JUnitReportReporter -->
<testsuite skipped="0" hostname="DESKTOP-M3J39LL" name="tests.login_test" tests="1" failures="0" timestamp="21 Nov 2018 12:27:15 GMT" time="7.559" errors="0">
  <testcase name="testBentchairLogin" time="7.559" classname="tests.login_test"/>
</testsuite> <!-- tests.login_test -->
