<?xml version="1.0" encoding="UTF-8"?>
<!-- Generated by org.testng.reporters.JUnitReportReporter -->
<testsuite skipped="0" hostname="DESKTOP-M3J39LL" name="tests.register_test" tests="1" failures="0" timestamp="21 Nov 2018 12:37:37 GMT" time="11.523" errors="0">
  <testcase name="testBentchairLogin" time="11.523" classname="tests.register_test"/>
</testsuite> <!-- tests.register_test -->
