<?xml version="1.0" encoding="UTF-8"?>
<!-- Generated by org.testng.reporters.JUnitReportReporter -->
<testsuite hostname="DESKTOP-M3J39LL" name="tests.aff_login" tests="1" failures="0" timestamp="24 Nov 2018 09:39:18 GMT" time="4.756" errors="0">
  <testcase name="testaff_login" time="4.756" classname="tests.aff_login"/>
</testsuite> <!-- tests.aff_login -->
