<?xml version="1.0" encoding="UTF-8"?>
<!-- Generated by org.testng.reporters.JUnitReportReporter -->
<testsuite hostname="DESKTOP-M3J39LL" name="tests.aff_register" tests="1" failures="0" timestamp="26 Nov 2018 12:53:13 GMT" time="10.647" errors="0">
  <testcase name="testaff_register" time="10.647" classname="tests.aff_register"/>
</testsuite> <!-- tests.aff_register -->
